OpenRedmine/outputs/apk/manifest-merger-release-report.txt
-- Merging decision tree log ---
manifest
ADDED from AndroidManifest.xml:2:1
	xmlns:android
		ADDED from AndroidManifest.xml:2:11
	package
		ADDED from AndroidManifest.xml:3:5
	android:versionName
		INJECTED from AndroidManifest.xml:0:0
		INJECTED from AndroidManifest.xml:0:0
	android:versionCode
		INJECTED from AndroidManifest.xml:0:0
		INJECTED from AndroidManifest.xml:0:0
	android:installLocation
		ADDED from AndroidManifest.xml:4:2
uses-permission#android.permission.INTERNET
ADDED from AndroidManifest.xml:6:5
	android:name
		ADDED from AndroidManifest.xml:6:22
uses-permission#android.permission.VIBRATE
ADDED from AndroidManifest.xml:7:5
	android:name
		ADDED from AndroidManifest.xml:7:22
uses-permission#android.permission.WRITE_EXTERNAL_STORAGE
ADDED from AndroidManifest.xml:8:2
	android:name
		ADDED from AndroidManifest.xml:8:19
application
ADDED from AndroidManifest.xml:9:5
MERGED from com.android.support:support-v4:21.0.3:16:5
MERGED from com.android.support:appcompat-v7:21.0.3:16:5
MERGED from com.android.support:support-v4:21.0.3:16:5
MERGED from com.andreabaccega:android-form-edittext:1.1.0:11:5
	android:label
		ADDED from AndroidManifest.xml:11:9
	android:allowBackup
		ADDED from AndroidManifest.xml:12:9
	android:icon
		ADDED from AndroidManifest.xml:10:9
	android:description
		ADDED from AndroidManifest.xml:15:9
	android:allowClearUserData
		ADDED from AndroidManifest.xml:13:9
	android:installLocation
		ADDED from AndroidManifest.xml:14:9
	android:restoreNeedsApplication
		ADDED from AndroidManifest.xml:16:9
activity#jp.redmine.redmineclient.activity.SplashActivity
ADDED from AndroidManifest.xml:17:9
	android:configChanges
		ADDED from AndroidManifest.xml:18:12
	android:name
		ADDED from AndroidManifest.xml:17:19
intent-filter#android.intent.action.MAIN+android.intent.category.LAUNCHER
ADDED from AndroidManifest.xml:19:13
action#android.intent.action.MAIN
ADDED from AndroidManifest.xml:20:17
	android:name
		ADDED from AndroidManifest.xml:20:25
category#android.intent.category.LAUNCHER
ADDED from AndroidManifest.xml:21:17
	android:name
		ADDED from AndroidManifest.xml:21:27
activity#jp.redmine.redmineclient.activity.CommonPreferenceActivity
ADDED from AndroidManifest.xml:24:9
	android:label
		ADDED from AndroidManifest.xml:25:5
	android:configChanges
		ADDED from AndroidManifest.xml:26:5
	android:name
		ADDED from AndroidManifest.xml:24:19
intent-filter#android.intent.action.MANAGE_NETWORK_USAGE+android.intent.category.DEFAULT
ADDED from AndroidManifest.xml:27:4
action#android.intent.action.MANAGE_NETWORK_USAGE
ADDED from AndroidManifest.xml:28:5
	android:name
		ADDED from AndroidManifest.xml:28:13
category#android.intent.category.DEFAULT
ADDED from AndroidManifest.xml:29:5
	android:name
		ADDED from AndroidManifest.xml:29:15
activity#jp.redmine.redmineclient.activity.ConnectionListActivity
ADDED from AndroidManifest.xml:32:9
	android:configChanges
		ADDED from AndroidManifest.xml:33:19
	android:name
		ADDED from AndroidManifest.xml:32:19
activity#jp.redmine.redmineclient.activity.ConnectionActivity
ADDED from AndroidManifest.xml:34:6
	android:configChanges
		ADDED from AndroidManifest.xml:35:23
	android:name
		ADDED from AndroidManifest.xml:34:16
activity#jp.redmine.redmineclient.activity.ConnectionEditActivity
ADDED from AndroidManifest.xml:36:3
	android:configChanges
		ADDED from AndroidManifest.xml:37:20
	android:name
		ADDED from AndroidManifest.xml:36:13
activity#jp.redmine.redmineclient.activity.ProjectActivity
ADDED from AndroidManifest.xml:38:6
	android:configChanges
		ADDED from AndroidManifest.xml:39:16
	android:name
		ADDED from AndroidManifest.xml:38:16
activity#jp.redmine.redmineclient.activity.IssueActivity
ADDED from AndroidManifest.xml:40:6
	android:configChanges
		ADDED from AndroidManifest.xml:41:23
	android:name
		ADDED from AndroidManifest.xml:40:16
activity#jp.redmine.redmineclient.activity.IssueFilterActivity
ADDED from AndroidManifest.xml:42:6
	android:configChanges
		ADDED from AndroidManifest.xml:43:16
	android:name
		ADDED from AndroidManifest.xml:42:16
activity#jp.redmine.redmineclient.activity.WikiViewActivity
ADDED from AndroidManifest.xml:44:3
	android:configChanges
		ADDED from AndroidManifest.xml:45:27
	android:name
		ADDED from AndroidManifest.xml:44:13
activity#jp.redmine.redmineclient.activity.ConnectionNaviActivity
ADDED from AndroidManifest.xml:46:9
	android:configChanges
		ADDED from AndroidManifest.xml:47:5
	android:name
		ADDED from AndroidManifest.xml:46:19
activity#jp.redmine.redmineclient.activity.FilterViewActivity
ADDED from AndroidManifest.xml:48:9
	android:configChanges
		ADDED from AndroidManifest.xml:49:12
	android:name
		ADDED from AndroidManifest.xml:48:19
activity#jp.redmine.redmineclient.activity.AttachmentActivity
ADDED from AndroidManifest.xml:50:3
	android:configChanges
		ADDED from AndroidManifest.xml:51:7
	android:name
		ADDED from AndroidManifest.xml:50:13
activity#jp.redmine.redmineclient.activity.TimeEntryActivity
ADDED from AndroidManifest.xml:52:3
	android:configChanges
		ADDED from AndroidManifest.xml:53:7
	android:name
		ADDED from AndroidManifest.xml:52:13
activity#jp.redmine.redmineclient.activity.KanbanActivity
ADDED from AndroidManifest.xml:54:3
	android:configChanges
		ADDED from AndroidManifest.xml:55:7
	android:name
		ADDED from AndroidManifest.xml:54:13
provider#jp.redmine.redmineclient.provider.Attachment
ADDED from AndroidManifest.xml:56:3
	android:authorities
		ADDED from AndroidManifest.xml:58:4
	android:name
		ADDED from AndroidManifest.xml:57:4
provider#jp.redmine.redmineclient.provider.Connection
ADDED from AndroidManifest.xml:60:3
	android:exported
		ADDED from AndroidManifest.xml:63:4
	android:authorities
		ADDED from AndroidManifest.xml:62:4
	android:name
		ADDED from AndroidManifest.xml:61:4
provider#jp.redmine.redmineclient.provider.Cache
ADDED from AndroidManifest.xml:65:3
	android:exported
		ADDED from AndroidManifest.xml:68:4
	android:authorities
		ADDED from AndroidManifest.xml:67:4
	android:name
		ADDED from AndroidManifest.xml:66:4
service#jp.redmine.redmineclient.service.Sync
ADDED from AndroidManifest.xml:70:3
	android:process
		ADDED from AndroidManifest.xml:70:41
	android:name
		ADDED from AndroidManifest.xml:70:12
intent-filter#jp.redmine.redmineclient.service.ISync
ADDED from AndroidManifest.xml:71:4
action#jp.redmine.redmineclient.service.ISync
ADDED from AndroidManifest.xml:72:5
	android:name
		ADDED from AndroidManifest.xml:72:13
uses-sdk
INJECTED from AndroidManifest.xml:0:0 reason: use-sdk injection requested
MERGED from com.android.support:support-v4:21.0.3:15:5
MERGED from com.android.support:appcompat-v7:21.0.3:15:5
MERGED from com.android.support:support-v4:21.0.3:15:5
MERGED from com.andreabaccega:android-form-edittext:1.1.0:7:5
MERGED from se.emilsjolander:stickylistheaders:2.6.0:7:5
	android:targetSdkVersion
		INJECTED from AndroidManifest.xml:0:0
		INJECTED from AndroidManifest.xml:0:0
	android:minSdkVersion
		INJECTED from AndroidManifest.xml:0:0
		INJECTED from AndroidManifest.xml:0:0
android:uses-permission#android.permission.READ_PHONE_STATE
IMPLIED from AndroidManifest.xml:2:1 reason: org.transdroid.util has a targetSdkVersion < 4
android:uses-permission#android.permission.READ_EXTERNAL_STORAGE
IMPLIED from AndroidManifest.xml:2:1 reason: org.transdroid.util requested WRITE_EXTERNAL_STORAGE